#
# There is insufficient memory for the Java Runtime Environment to continue.
# Native memory allocation (malloc) failed to allocate 1232368 bytes. Error detail: Chunk::new
# Possible reasons:
#   The system is out of physical RAM or swap space
#   This process is running with CompressedOops enabled, and the Java Heap may be blocking the growth of the native heap
# Possible solutions:
#   Reduce memory load on the system
#   Increase physical memory or swap space
#   Check if swap backing store is full
#   Decrease Java heap size (-Xmx/-Xms)
#   Decrease number of Java threads
#   Decrease Java thread stack sizes (-Xss)
#   Set larger code cache with -XX:ReservedCodeCacheSize=
#   JVM is running with Unscaled Compressed Oops mode in which the Java heap is
#     placed in the first 4GB address space. The Java Heap base address is the
#     maximum limit for the native heap growth. Please use -XX:HeapBaseMinAddress
#     to set the Java Heap base and to place the Java Heap above 4GB virtual address.
# This output file may be truncated or incomplete.
#
#  Out of Memory Error (arena.cpp:191), pid=10672, tid=1448
#
# JRE version: OpenJDK Runtime Environment OpenLogic-OpenJDK (17.0.12+7) (build 17.0.12+7-adhoc..jdk17u)
# Java VM: OpenJDK 64-Bit Server VM OpenLogic-OpenJDK (17.0.12+7-adhoc..jdk17u, mixed mode, sharing, tiered, compressed oops, compressed class ptrs, g1 gc, windows-amd64)
# No core dump will be written. Minidumps are not enabled by default on client versions of Windows
#

---------------  S U M M A R Y ------------

Command Line: -Dfile.encoding=UTF-8 -Dstdout.encoding=UTF-8 -Dstderr.encoding=UTF-8 -XX:+ShowCodeDetailsInExceptionMessages com.dw.patient.ApplicationMain

Host: 11th Gen Intel(R) Core(TM) i5-1135G7 @ 2.40GHz, 8 cores, 7G,  Windows 10 , 64 bit Build 19041 (10.0.19041.4717)
Time: Thu Aug 15 22:19:07 2024 India Standard Time elapsed time: 0.704881 seconds (0d 0h 0m 0s)

---------------  T H R E A D  ---------------

Current thread (0x000001eb518577f0):  JavaThread "C2 CompilerThread0" daemon [_thread_in_native, id=1448, stack(0x0000008cade00000,0x0000008cadf00000)]


Current CompileTask:
C2:    704 1597       4       jdk.internal.org.objectweb.asm.Frame::execute (2305 bytes)

Stack: [0x0000008cade00000,0x0000008cadf00000]
Native frames: (J=compiled Java code, j=interpreted, Vv=VM code, C=native code)
V  [jvm.dll+0x67f4f9]
V  [jvm.dll+0x836eaa]
V  [jvm.dll+0x83896e]
V  [jvm.dll+0x838fd3]
V  [jvm.dll+0x247f6f]
V  [jvm.dll+0xac9d4]
V  [jvm.dll+0xad01c]
V  [jvm.dll+0x367097]
V  [jvm.dll+0x1bd452]
V  [jvm.dll+0x21a659]
V  [jvm.dll+0x219941]
V  [jvm.dll+0x1a57bd]
V  [jvm.dll+0x22966d]
V  [jvm.dll+0x22781c]
V  [jvm.dll+0x7ebec7]
V  [jvm.dll+0x7e62ac]
V  [jvm.dll+0x67e3c7]
C  [ucrtbase.dll+0x21bb2]
C  [KERNEL32.DLL+0x17374]
C  [ntdll.dll+0x4cc91]


---------------  P R O C E S S  ---------------

Threads class SMR info:
_java_thread_list=0x000001eb985896c0, length=15, elements={
0x000001eb30351880, 0x000001eb518327c0, 0x000001eb51833180, 0x000001eb51849190,
0x000001eb51849b50, 0x000001eb5184cf30, 0x000001eb51856640, 0x000001eb518577f0,
0x000001eb518592b0, 0x000001eb5186bcc0, 0x000001eb51ab0df0, 0x000001eb51ab98b0,
0x000001eb51abac40, 0x000001eb97bb0240, 0x000001eb97bd0970
}

Java Threads: ( => current thread )
  0x000001eb30351880 JavaThread "main" [_thread_in_native, id=11928, stack(0x0000008cad100000,0x0000008cad200000)]
  0x000001eb518327c0 JavaThread "Reference Handler" daemon [_thread_blocked, id=1128, stack(0x0000008cad800000,0x0000008cad900000)]
  0x000001eb51833180 JavaThread "Finalizer" daemon [_thread_blocked, id=9832, stack(0x0000008cad900000,0x0000008cada00000)]
  0x000001eb51849190 JavaThread "Signal Dispatcher" daemon [_thread_blocked, id=11356, stack(0x0000008cada00000,0x0000008cadb00000)]
  0x000001eb51849b50 JavaThread "Attach Listener" daemon [_thread_blocked, id=3328, stack(0x0000008cadb00000,0x0000008cadc00000)]
  0x000001eb5184cf30 JavaThread "Service Thread" daemon [_thread_blocked, id=9836, stack(0x0000008cadc00000,0x0000008cadd00000)]
  0x000001eb51856640 JavaThread "Monitor Deflation Thread" daemon [_thread_blocked, id=4656, stack(0x0000008cadd00000,0x0000008cade00000)]
=>0x000001eb518577f0 JavaThread "C2 CompilerThread0" daemon [_thread_in_native, id=1448, stack(0x0000008cade00000,0x0000008cadf00000)]
  0x000001eb518592b0 JavaThread "C1 CompilerThread0" daemon [_thread_blocked, id=9612, stack(0x0000008cadf00000,0x0000008cae000000)]
  0x000001eb5186bcc0 JavaThread "Sweeper thread" daemon [_thread_blocked, id=604, stack(0x0000008cae000000,0x0000008cae100000)]
  0x000001eb51ab0df0 JavaThread "Notification Thread" daemon [_thread_blocked, id=1996, stack(0x0000008cae100000,0x0000008cae200000)]
  0x000001eb51ab98b0 JavaThread "Common-Cleaner" daemon [_thread_blocked, id=11028, stack(0x0000008cae300000,0x0000008cae400000)]
  0x000001eb51abac40 JavaThread "C2 CompilerThread1" daemon [_thread_in_native, id=11556, stack(0x0000008cae400000,0x0000008cae500000)]
  0x000001eb97bb0240 JavaThread "background-preinit" [_thread_in_vm, id=5232, stack(0x0000008caea00000,0x0000008caeb00000)]
  0x000001eb97bd0970 JavaThread "Thread-0" [_thread_in_Java, id=3276, stack(0x0000008caed00000,0x0000008caee00000)]

Other Threads:
  0x000001eb51829a00 VMThread "VM Thread" [stack: 0x0000008cad700000,0x0000008cad800000] [id=10756]
  0x000001eb51adbbb0 WatcherThread [stack: 0x0000008cae200000,0x0000008cae300000] [id=7588]
  0x000001eb303a9fa0 GCTaskThread "GC Thread#0" [stack: 0x0000008cad200000,0x0000008cad300000] [id=6764]
  0x000001eb971ce570 GCTaskThread "GC Thread#1" [stack: 0x0000008cae500000,0x0000008cae600000] [id=9392]
  0x000001eb9767ddf0 GCTaskThread "GC Thread#2" [stack: 0x0000008cae600000,0x0000008cae700000] [id=12248]
  0x000001eb97554900 GCTaskThread "GC Thread#3" [stack: 0x0000008cae700000,0x0000008cae800000] [id=11900]
  0x000001eb97554fd0 GCTaskThread "GC Thread#4" [stack: 0x0000008cae800000,0x0000008cae900000] [id=10000]
  0x000001eb97555aa0 GCTaskThread "GC Thread#5" [stack: 0x0000008cae900000,0x0000008caea00000] [id=1224]
  0x000001eb97b02470 GCTaskThread "GC Thread#6" [stack: 0x0000008caeb00000,0x0000008caec00000] [id=5152]
  0x000001eb979ef2a0 GCTaskThread "GC Thread#7" [stack: 0x0000008caec00000,0x0000008caed00000] [id=4944]
  0x000001eb303ba5b0 ConcurrentGCThread "G1 Main Marker" [stack: 0x0000008cad300000,0x0000008cad400000] [id=2108]
  0x000001eb303bb770 ConcurrentGCThread "G1 Conc#0" [stack: 0x0000008cad400000,0x0000008cad500000] [id=2576]
  0x000001eb3040ec10 ConcurrentGCThread "G1 Refine#0" [stack: 0x0000008cad500000,0x0000008cad600000] [id=1456]
  0x000001eb516d4800 ConcurrentGCThread "G1 Service" [stack: 0x0000008cad600000,0x0000008cad700000] [id=5516]

Threads with active compile tasks:
C2 CompilerThread0      718 1597       4       jdk.internal.org.objectweb.asm.Frame::execute (2305 bytes)
C1 CompilerThread0      718 1912       2       java.lang.invoke.LambdaForm$MH/0x000001eb5300e800::invoke (27 bytes)
C2 CompilerThread1      718 1694   !   4       java.net.URL::<init> (543 bytes)

VM state: not at safepoint (normal execution)

VM Mutex/Monitor currently owned by a thread: None

Heap address: 0x0000000084a00000, size: 1974 MB, Compressed Oops mode: 32-bit

CDS archive(s) mapped at: [0x000001eb52000000-0x000001eb52bc0000-0x000001eb52bc0000), size 12320768, SharedBaseAddress: 0x000001eb52000000, ArchiveRelocationMode: 1.
Compressed class space mapped at: 0x000001eb53000000-0x000001eb93000000, reserved size: 1073741824
Narrow klass base: 0x000001eb52000000, Narrow klass shift: 0, Narrow klass range: 0x100000000

GC Precious Log:
 CPUs: 8 total, 8 available
 Memory: 7890M
 Large Page Support: Disabled
 NUMA Support: Disabled
 Compressed Oops: Enabled (32-bit)
 Heap Region Size: 1M
 Heap Min Capacity: 8M
 Heap Initial Capacity: 124M
 Heap Max Capacity: 1974M
 Pre-touch: Disabled
 Parallel Workers: 8
 Concurrent Workers: 2
 Concurrent Refinement Workers: 8
 Periodic GC: Disabled

Heap:
 garbage-first heap   total 126976K, used 12019K [0x0000000084a00000, 0x0000000100000000)
  region size 1024K, 9 young (9216K), 3 survivors (3072K)
 Metaspace       used 15800K, committed 16064K, reserved 1114112K
  class space    used 1967K, committed 2112K, reserved 1048576K

Heap Regions: E=young(eden), S=young(survivor), O=old, HS=humongous(starts), HC=humongous(continues), CS=collection set, F=free, OA=open archive, CA=closed archive, TAMS=top-at-mark-start (previous, next)
|   0|0x0000000084a00000, 0x0000000084b00000, 0x0000000084b00000|100%| O|  |TAMS 0x0000000084a00000, 0x0000000084a00000| Untracked 
|   1|0x0000000084b00000, 0x0000000084c00000, 0x0000000084c00000|100%| O|  |TAMS 0x0000000084b00000, 0x0000000084b00000| Untracked 
|   2|0x0000000084c00000, 0x0000000084d00000, 0x0000000084d00000|100%| O|  |TAMS 0x0000000084c00000, 0x0000000084c00000| Untracked 
|   3|0x0000000084d00000, 0x0000000084e00000, 0x0000000084e00000|100%| O|  |TAMS 0x0000000084d00000, 0x0000000084d00000| Untracked 
|   4|0x0000000084e00000, 0x0000000084e67a00, 0x0000000084f00000| 40%| O|  |TAMS 0x0000000084e00000, 0x0000000084e00000| Untracked 
|   5|0x0000000084f00000, 0x0000000084f00000, 0x0000000085000000|  0%| F|  |TAMS 0x0000000084f00000, 0x0000000084f00000| Untracked 
|   6|0x0000000085000000, 0x0000000085000000, 0x0000000085100000|  0%| F|  |TAMS 0x0000000085000000, 0x0000000085000000| Untracked 
|   7|0x0000000085100000, 0x0000000085100000, 0x0000000085200000|  0%| F|  |TAMS 0x0000000085100000, 0x0000000085100000| Untracked 
|   8|0x0000000085200000, 0x0000000085200000, 0x0000000085300000|  0%| F|  |TAMS 0x0000000085200000, 0x0000000085200000| Untracked 
|   9|0x0000000085300000, 0x0000000085300000, 0x0000000085400000|  0%| F|  |TAMS 0x0000000085300000, 0x0000000085300000| Untracked 
|  10|0x0000000085400000, 0x0000000085400000, 0x0000000085500000|  0%| F|  |TAMS 0x0000000085400000, 0x0000000085400000| Untracked 
|  11|0x0000000085500000, 0x0000000085500000, 0x0000000085600000|  0%| F|  |TAMS 0x0000000085500000, 0x0000000085500000| Untracked 
|  12|0x0000000085600000, 0x0000000085600000, 0x0000000085700000|  0%| F|  |TAMS 0x0000000085600000, 0x0000000085600000| Untracked 
|  13|0x0000000085700000, 0x0000000085700000, 0x0000000085800000|  0%| F|  |TAMS 0x0000000085700000, 0x0000000085700000| Untracked 
|  14|0x0000000085800000, 0x0000000085800000, 0x0000000085900000|  0%| F|  |TAMS 0x0000000085800000, 0x0000000085800000| Untracked 
|  15|0x0000000085900000, 0x0000000085900000, 0x0000000085a00000|  0%| F|  |TAMS 0x0000000085900000, 0x0000000085900000| Untracked 
|  16|0x0000000085a00000, 0x0000000085a00000, 0x0000000085b00000|  0%| F|  |TAMS 0x0000000085a00000, 0x0000000085a00000| Untracked 
|  17|0x0000000085b00000, 0x0000000085b00000, 0x0000000085c00000|  0%| F|  |TAMS 0x0000000085b00000, 0x0000000085b00000| Untracked 
|  18|0x0000000085c00000, 0x0000000085c00000, 0x0000000085d00000|  0%| F|  |TAMS 0x0000000085c00000, 0x0000000085c00000| Untracked 
|  19|0x0000000085d00000, 0x0000000085d00000, 0x0000000085e00000|  0%| F|  |TAMS 0x0000000085d00000, 0x0000000085d00000| Untracked 
|  20|0x0000000085e00000, 0x0000000085e00000, 0x0000000085f00000|  0%| F|  |TAMS 0x0000000085e00000, 0x0000000085e00000| Untracked 
|  21|0x0000000085f00000, 0x0000000085f00000, 0x0000000086000000|  0%| F|  |TAMS 0x0000000085f00000, 0x0000000085f00000| Untracked 
|  22|0x0000000086000000, 0x0000000086000000, 0x0000000086100000|  0%| F|  |TAMS 0x0000000086000000, 0x0000000086000000| Untracked 
|  23|0x0000000086100000, 0x0000000086100000, 0x0000000086200000|  0%| F|  |TAMS 0x0000000086100000, 0x0000000086100000| Untracked 
|  24|0x0000000086200000, 0x0000000086200000, 0x0000000086300000|  0%| F|  |TAMS 0x0000000086200000, 0x0000000086200000| Untracked 
|  25|0x0000000086300000, 0x0000000086300000, 0x0000000086400000|  0%| F|  |TAMS 0x0000000086300000, 0x0000000086300000| Untracked 
|  26|0x0000000086400000, 0x0000000086400000, 0x0000000086500000|  0%| F|  |TAMS 0x0000000086400000, 0x0000000086400000| Untracked 
|  27|0x0000000086500000, 0x0000000086500000, 0x0000000086600000|  0%| F|  |TAMS 0x0000000086500000, 0x0000000086500000| Untracked 
|  28|0x0000000086600000, 0x0000000086600000, 0x0000000086700000|  0%| F|  |TAMS 0x0000000086600000, 0x0000000086600000| Untracked 
|  29|0x0000000086700000, 0x0000000086700000, 0x0000000086800000|  0%| F|  |TAMS 0x0000000086700000, 0x0000000086700000| Untracked 
|  30|0x0000000086800000, 0x0000000086800000, 0x0000000086900000|  0%| F|  |TAMS 0x0000000086800000, 0x0000000086800000| Untracked 
|  31|0x0000000086900000, 0x0000000086900000, 0x0000000086a00000|  0%| F|  |TAMS 0x0000000086900000, 0x0000000086900000| Untracked 
|  32|0x0000000086a00000, 0x0000000086a00000, 0x0000000086b00000|  0%| F|  |TAMS 0x0000000086a00000, 0x0000000086a00000| Untracked 
|  33|0x0000000086b00000, 0x0000000086b00000, 0x0000000086c00000|  0%| F|  |TAMS 0x0000000086b00000, 0x0000000086b00000| Untracked 
|  34|0x0000000086c00000, 0x0000000086c00000, 0x0000000086d00000|  0%| F|  |TAMS 0x0000000086c00000, 0x0000000086c00000| Untracked 
|  35|0x0000000086d00000, 0x0000000086d00000, 0x0000000086e00000|  0%| F|  |TAMS 0x0000000086d00000, 0x0000000086d00000| Untracked 
|  36|0x0000000086e00000, 0x0000000086e00000, 0x0000000086f00000|  0%| F|  |TAMS 0x0000000086e00000, 0x0000000086e00000| Untracked 
|  37|0x0000000086f00000, 0x0000000086f00000, 0x0000000087000000|  0%| F|  |TAMS 0x0000000086f00000, 0x0000000086f00000| Untracked 
|  38|0x0000000087000000, 0x0000000087000000, 0x0000000087100000|  0%| F|  |TAMS 0x0000000087000000, 0x0000000087000000| Untracked 
|  39|0x0000000087100000, 0x0000000087100000, 0x0000000087200000|  0%| F|  |TAMS 0x0000000087100000, 0x0000000087100000| Untracked 
|  40|0x0000000087200000, 0x0000000087200000, 0x0000000087300000|  0%| F|  |TAMS 0x0000000087200000, 0x0000000087200000| Untracked 
|  41|0x0000000087300000, 0x0000000087300000, 0x0000000087400000|  0%| F|  |TAMS 0x0000000087300000, 0x0000000087300000| Untracked 
|  42|0x0000000087400000, 0x0000000087400000, 0x0000000087500000|  0%| F|  |TAMS 0x0000000087400000, 0x0000000087400000| Untracked 
|  43|0x0000000087500000, 0x0000000087500000, 0x0000000087600000|  0%| F|  |TAMS 0x0000000087500000, 0x0000000087500000| Untracked 
|  44|0x0000000087600000, 0x0000000087600000, 0x0000000087700000|  0%| F|  |TAMS 0x0000000087600000, 0x0000000087600000| Untracked 
|  45|0x0000000087700000, 0x0000000087700000, 0x0000000087800000|  0%| F|  |TAMS 0x0000000087700000, 0x0000000087700000| Untracked 
|  46|0x0000000087800000, 0x0000000087800000, 0x0000000087900000|  0%| F|  |TAMS 0x0000000087800000, 0x0000000087800000| Untracked 
|  47|0x0000000087900000, 0x0000000087900000, 0x0000000087a00000|  0%| F|  |TAMS 0x0000000087900000, 0x0000000087900000| Untracked 
|  48|0x0000000087a00000, 0x0000000087a00000, 0x0000000087b00000|  0%| F|  |TAMS 0x0000000087a00000, 0x0000000087a00000| Untracked 
|  49|0x0000000087b00000, 0x0000000087b00000, 0x0000000087c00000|  0%| F|  |TAMS 0x0000000087b00000, 0x0000000087b00000| Untracked 
|  50|0x0000000087c00000, 0x0000000087c00000, 0x0000000087d00000|  0%| F|  |TAMS 0x0000000087c00000, 0x0000000087c00000| Untracked 
|  51|0x0000000087d00000, 0x0000000087d00000, 0x0000000087e00000|  0%| F|  |TAMS 0x0000000087d00000, 0x0000000087d00000| Untracked 
|  52|0x0000000087e00000, 0x0000000087e00000, 0x0000000087f00000|  0%| F|  |TAMS 0x0000000087e00000, 0x0000000087e00000| Untracked 
|  53|0x0000000087f00000, 0x0000000087f00000, 0x0000000088000000|  0%| F|  |TAMS 0x0000000087f00000, 0x0000000087f00000| Untracked 
|  54|0x0000000088000000, 0x0000000088000000, 0x0000000088100000|  0%| F|  |TAMS 0x0000000088000000, 0x0000000088000000| Untracked 
|  55|0x0000000088100000, 0x0000000088100000, 0x0000000088200000|  0%| F|  |TAMS 0x0000000088100000, 0x0000000088100000| Untracked 
|  56|0x0000000088200000, 0x0000000088200000, 0x0000000088300000|  0%| F|  |TAMS 0x0000000088200000, 0x0000000088200000| Untracked 
|  57|0x0000000088300000, 0x0000000088300000, 0x0000000088400000|  0%| F|  |TAMS 0x0000000088300000, 0x0000000088300000| Untracked 
|  58|0x0000000088400000, 0x0000000088400000, 0x0000000088500000|  0%| F|  |TAMS 0x0000000088400000, 0x0000000088400000| Untracked 
|  59|0x0000000088500000, 0x0000000088500000, 0x0000000088600000|  0%| F|  |TAMS 0x0000000088500000, 0x0000000088500000| Untracked 
|  60|0x0000000088600000, 0x0000000088600000, 0x0000000088700000|  0%| F|  |TAMS 0x0000000088600000, 0x0000000088600000| Untracked 
|  61|0x0000000088700000, 0x0000000088700000, 0x0000000088800000|  0%| F|  |TAMS 0x0000000088700000, 0x0000000088700000| Untracked 
|  62|0x0000000088800000, 0x0000000088800000, 0x0000000088900000|  0%| F|  |TAMS 0x0000000088800000, 0x0000000088800000| Untracked 
|  63|0x0000000088900000, 0x0000000088900000, 0x0000000088a00000|  0%| F|  |TAMS 0x0000000088900000, 0x0000000088900000| Untracked 
|  64|0x0000000088a00000, 0x0000000088a00000, 0x0000000088b00000|  0%| F|  |TAMS 0x0000000088a00000, 0x0000000088a00000| Untracked 
|  65|0x0000000088b00000, 0x0000000088b00000, 0x0000000088c00000|  0%| F|  |TAMS 0x0000000088b00000, 0x0000000088b00000| Untracked 
|  66|0x0000000088c00000, 0x0000000088c00000, 0x0000000088d00000|  0%| F|  |TAMS 0x0000000088c00000, 0x0000000088c00000| Untracked 
|  67|0x0000000088d00000, 0x0000000088d00000, 0x0000000088e00000|  0%| F|  |TAMS 0x0000000088d00000, 0x0000000088d00000| Untracked 
|  68|0x0000000088e00000, 0x0000000088e00000, 0x0000000088f00000|  0%| F|  |TAMS 0x0000000088e00000, 0x0000000088e00000| Untracked 
|  69|0x0000000088f00000, 0x0000000088f00000, 0x0000000089000000|  0%| F|  |TAMS 0x0000000088f00000, 0x0000000088f00000| Untracked 
|  70|0x0000000089000000, 0x0000000089000000, 0x0000000089100000|  0%| F|  |TAMS 0x0000000089000000, 0x0000000089000000| Untracked 
|  71|0x0000000089100000, 0x0000000089100000, 0x0000000089200000|  0%| F|  |TAMS 0x0000000089100000, 0x0000000089100000| Untracked 
|  72|0x0000000089200000, 0x0000000089200000, 0x0000000089300000|  0%| F|  |TAMS 0x0000000089200000, 0x0000000089200000| Untracked 
|  73|0x0000000089300000, 0x0000000089300000, 0x0000000089400000|  0%| F|  |TAMS 0x0000000089300000, 0x0000000089300000| Untracked 
|  74|0x0000000089400000, 0x0000000089400000, 0x0000000089500000|  0%| F|  |TAMS 0x0000000089400000, 0x0000000089400000| Untracked 
|  75|0x0000000089500000, 0x0000000089500000, 0x0000000089600000|  0%| F|  |TAMS 0x0000000089500000, 0x0000000089500000| Untracked 
|  76|0x0000000089600000, 0x0000000089600000, 0x0000000089700000|  0%| F|  |TAMS 0x0000000089600000, 0x0000000089600000| Untracked 
|  77|0x0000000089700000, 0x0000000089700000, 0x0000000089800000|  0%| F|  |TAMS 0x0000000089700000, 0x0000000089700000| Untracked 
|  78|0x0000000089800000, 0x0000000089800000, 0x0000000089900000|  0%| F|  |TAMS 0x0000000089800000, 0x0000000089800000| Untracked 
|  79|0x0000000089900000, 0x0000000089900000, 0x0000000089a00000|  0%| F|  |TAMS 0x0000000089900000, 0x0000000089900000| Untracked 
|  80|0x0000000089a00000, 0x0000000089a00000, 0x0000000089b00000|  0%| F|  |TAMS 0x0000000089a00000, 0x0000000089a00000| Untracked 
|  81|0x0000000089b00000, 0x0000000089b00000, 0x0000000089c00000|  0%| F|  |TAMS 0x0000000089b00000, 0x0000000089b00000| Untracked 
|  82|0x0000000089c00000, 0x0000000089c00000, 0x0000000089d00000|  0%| F|  |TAMS 0x0000000089c00000, 0x0000000089c00000| Untracked 
|  83|0x0000000089d00000, 0x0000000089d00000, 0x0000000089e00000|  0%| F|  |TAMS 0x0000000089d00000, 0x0000000089d00000| Untracked 
|  84|0x0000000089e00000, 0x0000000089e00000, 0x0000000089f00000|  0%| F|  |TAMS 0x0000000089e00000, 0x0000000089e00000| Untracked 
|  85|0x0000000089f00000, 0x0000000089f00000, 0x000000008a000000|  0%| F|  |TAMS 0x0000000089f00000, 0x0000000089f00000| Untracked 
|  86|0x000000008a000000, 0x000000008a000000, 0x000000008a100000|  0%| F|  |TAMS 0x000000008a000000, 0x000000008a000000| Untracked 
|  87|0x000000008a100000, 0x000000008a100000, 0x000000008a200000|  0%| F|  |TAMS 0x000000008a100000, 0x000000008a100000| Untracked 
|  88|0x000000008a200000, 0x000000008a255480, 0x000000008a300000| 33%| S|CS|TAMS 0x000000008a200000, 0x000000008a200000| Complete 
|  89|0x000000008a300000, 0x000000008a400000, 0x000000008a400000|100%| S|CS|TAMS 0x000000008a300000, 0x000000008a300000| Complete 
|  90|0x000000008a400000, 0x000000008a500000, 0x000000008a500000|100%| S|CS|TAMS 0x000000008a400000, 0x000000008a400000| Complete 
|  91|0x000000008a500000, 0x000000008a500000, 0x000000008a600000|  0%| F|  |TAMS 0x000000008a500000, 0x000000008a500000| Untracked 
|  92|0x000000008a600000, 0x000000008a600000, 0x000000008a700000|  0%| F|  |TAMS 0x000000008a600000, 0x000000008a600000| Untracked 
|  93|0x000000008a700000, 0x000000008a700000, 0x000000008a800000|  0%| F|  |TAMS 0x000000008a700000, 0x000000008a700000| Untracked 
|  94|0x000000008a800000, 0x000000008a800000, 0x000000008a900000|  0%| F|  |TAMS 0x000000008a800000, 0x000000008a800000| Untracked 
|  95|0x000000008a900000, 0x000000008a900000, 0x000000008aa00000|  0%| F|  |TAMS 0x000000008a900000, 0x000000008a900000| Untracked 
|  96|0x000000008aa00000, 0x000000008aa00000, 0x000000008ab00000|  0%| F|  |TAMS 0x000000008aa00000, 0x000000008aa00000| Untracked 
|  97|0x000000008ab00000, 0x000000008ab00000, 0x000000008ac00000|  0%| F|  |TAMS 0x000000008ab00000, 0x000000008ab00000| Untracked 
|  98|0x000000008ac00000, 0x000000008ac00000, 0x000000008ad00000|  0%| F|  |TAMS 0x000000008ac00000, 0x000000008ac00000| Untracked 
|  99|0x000000008ad00000, 0x000000008ad00000, 0x000000008ae00000|  0%| F|  |TAMS 0x000000008ad00000, 0x000000008ad00000| Untracked 
| 100|0x000000008ae00000, 0x000000008ae00000, 0x000000008af00000|  0%| F|  |TAMS 0x000000008ae00000, 0x000000008ae00000| Untracked 
| 101|0x000000008af00000, 0x000000008af00000, 0x000000008b000000|  0%| F|  |TAMS 0x000000008af00000, 0x000000008af00000| Untracked 
| 102|0x000000008b000000, 0x000000008b000000, 0x000000008b100000|  0%| F|  |TAMS 0x000000008b000000, 0x000000008b000000| Untracked 
| 103|0x000000008b100000, 0x000000008b100000, 0x000000008b200000|  0%| F|  |TAMS 0x000000008b100000, 0x000000008b100000| Untracked 
| 104|0x000000008b200000, 0x000000008b200000, 0x000000008b300000|  0%| F|  |TAMS 0x000000008b200000, 0x000000008b200000| Untracked 
| 105|0x000000008b300000, 0x000000008b300000, 0x000000008b400000|  0%| F|  |TAMS 0x000000008b300000, 0x000000008b300000| Untracked 
| 106|0x000000008b400000, 0x000000008b400000, 0x000000008b500000|  0%| F|  |TAMS 0x000000008b400000, 0x000000008b400000| Untracked 
| 107|0x000000008b500000, 0x000000008b500000, 0x000000008b600000|  0%| F|  |TAMS 0x000000008b500000, 0x000000008b500000| Untracked 
| 108|0x000000008b600000, 0x000000008b600000, 0x000000008b700000|  0%| F|  |TAMS 0x000000008b600000, 0x000000008b600000| Untracked 
| 109|0x000000008b700000, 0x000000008b700000, 0x000000008b800000|  0%| F|  |TAMS 0x000000008b700000, 0x000000008b700000| Untracked 
| 110|0x000000008b800000, 0x000000008b800000, 0x000000008b900000|  0%| F|  |TAMS 0x000000008b800000, 0x000000008b800000| Untracked 
| 111|0x000000008b900000, 0x000000008b900000, 0x000000008ba00000|  0%| F|  |TAMS 0x000000008b900000, 0x000000008b900000| Untracked 
| 112|0x000000008ba00000, 0x000000008ba00000, 0x000000008bb00000|  0%| F|  |TAMS 0x000000008ba00000, 0x000000008ba00000| Untracked 
| 113|0x000000008bb00000, 0x000000008bb00000, 0x000000008bc00000|  0%| F|  |TAMS 0x000000008bb00000, 0x000000008bb00000| Untracked 
| 114|0x000000008bc00000, 0x000000008bc00000, 0x000000008bd00000|  0%| F|  |TAMS 0x000000008bc00000, 0x000000008bc00000| Untracked 
| 115|0x000000008bd00000, 0x000000008bd00000, 0x000000008be00000|  0%| F|  |TAMS 0x000000008bd00000, 0x000000008bd00000| Untracked 
| 116|0x000000008be00000, 0x000000008be00000, 0x000000008bf00000|  0%| F|  |TAMS 0x000000008be00000, 0x000000008be00000| Untracked 
| 117|0x000000008bf00000, 0x000000008bf00000, 0x000000008c000000|  0%| F|  |TAMS 0x000000008bf00000, 0x000000008bf00000| Untracked 
| 118|0x000000008c000000, 0x000000008c080800, 0x000000008c100000| 50%| E|  |TAMS 0x000000008c000000, 0x000000008c000000| Complete 
| 119|0x000000008c100000, 0x000000008c200000, 0x000000008c200000|100%| E|CS|TAMS 0x000000008c100000, 0x000000008c100000| Complete 
| 120|0x000000008c200000, 0x000000008c300000, 0x000000008c300000|100%| E|CS|TAMS 0x000000008c200000, 0x000000008c200000| Complete 
| 121|0x000000008c300000, 0x000000008c400000, 0x000000008c400000|100%| E|CS|TAMS 0x000000008c300000, 0x000000008c300000| Complete 
| 122|0x000000008c400000, 0x000000008c500000, 0x000000008c500000|100%| E|CS|TAMS 0x000000008c400000, 0x000000008c400000| Complete 
| 123|0x000000008c500000, 0x000000008c600000, 0x000000008c600000|100%| E|CS|TAMS 0x000000008c500000, 0x000000008c500000| Complete 

Card table byte_map: [0x000001eb4a830000,0x000001eb4ac10000] _byte_map_base: 0x000001eb4a40b000

Marking Bits (Prev, Next): (CMBitMap*) 0x000001eb303aa5c0, (CMBitMap*) 0x000001eb303aa600
 Prev Bits: [0x000001eb4aff0000, 0x000001eb4cec8000)
 Next Bits: [0x000001eb4ced0000, 0x000001eb4eda8000)

Polling page: 0x000001eb3a9c0000

Metaspace:

Usage:
  Non-class:     13.54 MB used.
      Class:      1.93 MB used.
       Both:     15.47 MB used.

Virtual space:
  Non-class space:       64.00 MB reserved,      13.69 MB ( 21%) committed,  1 nodes.
      Class space:        1.00 GB reserved,       2.06 MB ( <1%) committed,  1 nodes.
             Both:        1.06 GB reserved,      15.75 MB (  1%) committed. 

Chunk freelists:
   Non-Class:  2.30 MB
       Class:  13.99 MB
        Both:  16.29 MB

MaxMetaspaceSize: unlimited
CompressedClassSpaceSize: 1.00 GB
Initial GC threshold: 21.00 MB
Current GC threshold: 21.00 MB
CDS: on
MetaspaceReclaimPolicy: balanced
 - commit_granule_bytes: 65536.
 - commit_granule_words: 8192.
 - virtual_space_node_default_size: 8388608.
 - enlarge_chunks_in_place: 1.
 - new_chunks_are_fully_committed: 0.
 - uncommit_free_chunks: 1.
 - use_allocation_guard: 0.
 - handle_deallocations: 1.


Internal statistics:

num_allocs_failed_limit: 0.
num_arena_births: 202.
num_arena_deaths: 0.
num_vsnodes_births: 2.
num_vsnodes_deaths: 0.
num_space_committed: 252.
num_space_uncommitted: 0.
num_chunks_returned_to_freelist: 0.
num_chunks_taken_from_freelist: 721.
num_chunk_merges: 0.
num_chunk_splits: 503.
num_chunks_enlarged: 393.
num_inconsistent_stats: 0.

CodeHeap 'non-profiled nmethods': size=120000Kb used=653Kb max_used=653Kb free=119346Kb
 bounds [0x000001eb424b0000, 0x000001eb42720000, 0x000001eb499e0000]
CodeHeap 'profiled nmethods': size=120000Kb used=3649Kb max_used=3649Kb free=116350Kb
 bounds [0x000001eb3a9e0000, 0x000001eb3ad80000, 0x000001eb41f10000]
CodeHeap 'non-nmethods': size=5760Kb used=1206Kb max_used=1221Kb free=4553Kb
 bounds [0x000001eb41f10000, 0x000001eb42180000, 0x000001eb424b0000]
 total_blobs=2398 nmethods=1903 adapters=407
 compilation: enabled
              stopped_count=0, restarted_count=0
 full_count=0

Compilation events (20 events):
Event: 0.700 Thread 0x000001eb518592b0 1852       3       java.util.LinkedHashMap$LinkedKeyIterator::next (8 bytes)
Event: 0.700 Thread 0x000001eb518592b0 nmethod 1852 0x000001eb3ad54c10 code [0x000001eb3ad54dc0, 0x000001eb3ad54f28]
Event: 0.700 Thread 0x000001eb518592b0 1853       3       java.util.HashMap$HashIterator::<init> (79 bytes)
Event: 0.700 Thread 0x000001eb518592b0 nmethod 1853 0x000001eb3ad55010 code [0x000001eb3ad551c0, 0x000001eb3ad555f8]
Event: 0.700 Thread 0x000001eb518592b0 1854       1       java.security.Provider$Service::getType (5 bytes)
Event: 0.700 Thread 0x000001eb518592b0 nmethod 1854 0x000001eb42551590 code [0x000001eb42551720, 0x000001eb425517f8]
Event: 0.700 Thread 0x000001eb518592b0 1855       1       java.security.Provider$Service::getAlgorithm (5 bytes)
Event: 0.701 Thread 0x000001eb518592b0 nmethod 1855 0x000001eb42551890 code [0x000001eb42551a20, 0x000001eb42551af8]
Event: 0.701 Thread 0x000001eb518592b0 1856       1       java.security.Provider$Service::getAliases (5 bytes)
Event: 0.701 Thread 0x000001eb518592b0 nmethod 1856 0x000001eb42551b90 code [0x000001eb42551d20, 0x000001eb42551df8]
Event: 0.701 Thread 0x000001eb518592b0 1858       3       jdk.internal.jimage.ImageReader::requireOpen (18 bytes)
Event: 0.701 Thread 0x000001eb518592b0 nmethod 1858 0x000001eb3ad55790 code [0x000001eb3ad55940, 0x000001eb3ad55b48]
Event: 0.702 Thread 0x000001eb518592b0 1859       3       java.security.Provider$ServiceKey::hashCode (19 bytes)
Event: 0.702 Thread 0x000001eb518592b0 nmethod 1859 0x000001eb3ad55c10 code [0x000001eb3ad55dc0, 0x000001eb3ad55f58]
Event: 0.703 Thread 0x000001eb518592b0 1860       3       java.lang.Character::digit (6 bytes)
Event: 0.703 Thread 0x000001eb518592b0 nmethod 1860 0x000001eb3ad56090 code [0x000001eb3ad56240, 0x000001eb3ad56498]
Event: 0.703 Thread 0x000001eb518592b0 1862       3       java.lang.CharacterDataLatin1::digit (32 bytes)
Event: 0.703 Thread 0x000001eb518592b0 nmethod 1862 0x000001eb3ad56590 code [0x000001eb3ad56740, 0x000001eb3ad56998]
Event: 0.703 Thread 0x000001eb518592b0 1861       3       java.lang.Character::digit (10 bytes)
Event: 0.704 Thread 0x000001eb518592b0 nmethod 1861 0x000001eb3ad56a90 code [0x000001eb3ad56c40, 0x000001eb3ad56e38]

GC Heap History (4 events):
Event: 0.412 GC heap before
{Heap before GC invocations=0 (full 0):
 garbage-first heap   total 126976K, used 23552K [0x0000000084a00000, 0x0000000100000000)
  region size 1024K, 23 young (23552K), 0 survivors (0K)
 Metaspace       used 6653K, committed 6912K, reserved 1114112K
  class space    used 824K, committed 960K, reserved 1048576K
}
Event: 0.417 GC heap after
{Heap after GC invocations=1 (full 0):
 garbage-first heap   total 126976K, used 4456K [0x0000000084a00000, 0x0000000100000000)
  region size 1024K, 3 young (3072K), 3 survivors (3072K)
 Metaspace       used 6653K, committed 6912K, reserved 1114112K
  class space    used 824K, committed 960K, reserved 1048576K
}
Event: 0.653 GC heap before
{Heap before GC invocations=1 (full 0):
 garbage-first heap   total 126976K, used 35176K [0x0000000084a00000, 0x0000000100000000)
  region size 1024K, 33 young (33792K), 3 survivors (3072K)
 Metaspace       used 14535K, committed 14720K, reserved 1114112K
  class space    used 1812K, committed 1920K, reserved 1048576K
}
Event: 0.659 GC heap after
{Heap after GC invocations=2 (full 0):
 garbage-first heap   total 126976K, used 6899K [0x0000000084a00000, 0x0000000100000000)
  region size 1024K, 3 young (3072K), 3 survivors (3072K)
 Metaspace       used 14535K, committed 14720K, reserved 1114112K
  class space    used 1812K, committed 1920K, reserved 1048576K
}

Dll operation events (6 events):
Event: 0.004 Loaded shared library C:\Program Files\OpenLogic\jdk-17.0.12.7-hotspot\bin\java.dll
Event: 0.019 Loaded shared library C:\Program Files\OpenLogic\jdk-17.0.12.7-hotspot\bin\jsvml.dll
Event: 0.050 Loaded shared library C:\Program Files\OpenLogic\jdk-17.0.12.7-hotspot\bin\net.dll
Event: 0.052 Loaded shared library C:\Program Files\OpenLogic\jdk-17.0.12.7-hotspot\bin\nio.dll
Event: 0.053 Loaded shared library C:\Program Files\OpenLogic\jdk-17.0.12.7-hotspot\bin\zip.dll
Event: 0.084 Loaded shared library C:\Program Files\OpenLogic\jdk-17.0.12.7-hotspot\bin\jimage.dll

Deoptimization events (20 events):
Event: 0.691 Thread 0x000001eb30351880 Uncommon trap: reason=bimorphic_or_optimized_type_check action=maybe_recompile pc=0x000001eb425397b0 method=java.util.HashMap.putVal(ILjava/lang/Object;Ljava/lang/Object;ZZ)Ljava/lang/Object; @ 91 c2
Event: 0.691 Thread 0x000001eb30351880 DEOPT PACKING pc=0x000001eb425397b0 sp=0x0000008cad1fe930
Event: 0.691 Thread 0x000001eb30351880 DEOPT UNPACKING pc=0x000001eb41f6a1a3 sp=0x0000008cad1fe840 mode 2
Event: 0.691 Thread 0x000001eb30351880 Uncommon trap: trap_request=0xffffffc6 fr.pc=0x000001eb425397b0 relative=0x0000000000000810
Event: 0.691 Thread 0x000001eb30351880 Uncommon trap: reason=bimorphic_or_optimized_type_check action=maybe_recompile pc=0x000001eb425397b0 method=java.util.HashMap.putVal(ILjava/lang/Object;Ljava/lang/Object;ZZ)Ljava/lang/Object; @ 91 c2
Event: 0.691 Thread 0x000001eb30351880 DEOPT PACKING pc=0x000001eb425397b0 sp=0x0000008cad1fe9c0
Event: 0.691 Thread 0x000001eb30351880 DEOPT UNPACKING pc=0x000001eb41f6a1a3 sp=0x0000008cad1fe8d0 mode 2
Event: 0.692 Thread 0x000001eb30351880 DEOPT PACKING pc=0x000001eb3ad06708 sp=0x0000008cad1fd1c0
Event: 0.692 Thread 0x000001eb30351880 DEOPT UNPACKING pc=0x000001eb41f6ace3 sp=0x0000008cad1fc6c8 mode 0
Event: 0.703 Thread 0x000001eb97bb0240 Uncommon trap: trap_request=0xffffffde fr.pc=0x000001eb4253447c relative=0x00000000000002bc
Event: 0.703 Thread 0x000001eb97bb0240 Uncommon trap: reason=class_check action=maybe_recompile pc=0x000001eb4253447c method=java.util.HashMap.getNode(Ljava/lang/Object;)Ljava/util/HashMap$Node; @ 128 c2
Event: 0.703 Thread 0x000001eb97bb0240 DEOPT PACKING pc=0x000001eb4253447c sp=0x0000008caeafc830
Event: 0.703 Thread 0x000001eb97bb0240 DEOPT UNPACKING pc=0x000001eb41f6a1a3 sp=0x0000008caeafc738 mode 2
Event: 0.704 Thread 0x000001eb97bb0240 Uncommon trap: trap_request=0xffffffde fr.pc=0x000001eb4253447c relative=0x00000000000002bc
Event: 0.704 Thread 0x000001eb97bb0240 Uncommon trap: reason=class_check action=maybe_recompile pc=0x000001eb4253447c method=java.util.HashMap.getNode(Ljava/lang/Object;)Ljava/util/HashMap$Node; @ 128 c2
Event: 0.704 Thread 0x000001eb97bb0240 DEOPT PACKING pc=0x000001eb4253447c sp=0x0000008caeafc830
Event: 0.704 Thread 0x000001eb97bb0240 DEOPT UNPACKING pc=0x000001eb41f6a1a3 sp=0x0000008caeafc738 mode 2
Event: 0.704 Thread 0x000001eb97bb0240 Uncommon trap: trap_request=0xffffffde fr.pc=0x000001eb4253447c relative=0x00000000000002bc
Event: 0.704 Thread 0x000001eb97bb0240 Uncommon trap: reason=class_check action=maybe_recompile pc=0x000001eb4253447c method=java.util.HashMap.getNode(Ljava/lang/Object;)Ljava/util/HashMap$Node; @ 128 c2
Event: 0.704 Thread 0x000001eb97bb0240 DEOPT PACKING pc=0x000001eb4253447c sp=0x0000008caeafc830

Classes loaded (20 events):
Event: 0.702 Loading class java/security/spec/EllipticCurve
Event: 0.702 Loading class java/security/spec/EllipticCurve done
Event: 0.702 Loading class java/security/spec/ECPoint
Event: 0.702 Loading class java/security/spec/ECPoint done
Event: 0.702 Loading class sun/security/util/NamedCurve
Event: 0.702 Loading class java/security/spec/ECParameterSpec
Event: 0.702 Loading class java/security/spec/AlgorithmParameterSpec
Event: 0.702 Loading class java/security/spec/AlgorithmParameterSpec done
Event: 0.702 Loading class java/security/spec/ECParameterSpec done
Event: 0.702 Loading class sun/security/util/NamedCurve done
Event: 0.702 Loading class sun/security/util/DerOutputStream
Event: 0.702 Loading class sun/security/util/DerEncoder
Event: 0.702 Loading class sun/security/util/DerEncoder done
Event: 0.702 Loading class sun/security/util/DerOutputStream done
Event: 0.703 Loading class sun/security/util/ByteArrayLexOrder
Event: 0.703 Loading class sun/security/util/ByteArrayLexOrder done
Event: 0.703 Loading class sun/security/util/ByteArrayTagOrder
Event: 0.703 Loading class sun/security/util/ByteArrayTagOrder done
Event: 0.703 Loading class sun/security/util/ObjectIdentifier
Event: 0.703 Loading class sun/security/util/ObjectIdentifier done

Classes unloaded (0 events):
No events

Classes redefined (0 events):
No events

Internal exceptions (20 events):
Event: 0.425 Thread 0x000001eb30351880 Exception <a 'java/lang/NoSuchMethodError'{0x000000008c55d350}: 'void java.lang.invoke.DirectMethodHandle$Holder.invokeInterface(java.lang.Object, java.lang.Object, java.lang.Object)'> (0x000000008c55d350) 
thrown [s\src\hotspot\share\interpreter\linkResolver.cpp, line 759]
Event: 0.436 Thread 0x000001eb30351880 Exception <a 'java/lang/NoSuchMethodError'{0x000000008c42e220}: 'void java.lang.invoke.DirectMethodHandle$Holder.invokeStaticInit(java.lang.Object, java.lang.Object, java.lang.Object)'> (0x000000008c42e220) 
thrown [s\src\hotspot\share\interpreter\linkResolver.cpp, line 759]
Event: 0.438 Thread 0x000001eb30351880 Exception <a 'java/lang/NoSuchMethodError'{0x000000008c44a3c8}: 'java.lang.Object java.lang.invoke.DirectMethodHandle$Holder.invokeVirtual(java.lang.Object, java.lang.Object, java.lang.Object)'> (0x000000008c44a3c8) 
thrown [s\src\hotspot\share\interpreter\linkResolver.cpp, line 759]
Event: 0.440 Thread 0x000001eb30351880 Exception <a 'java/lang/NoSuchMethodError'{0x000000008c46b318}: 'java.lang.Object java.lang.invoke.DirectMethodHandle$Holder.invokeStatic(java.lang.Object, java.lang.Object, long, java.lang.Object)'> (0x000000008c46b318) 
thrown [s\src\hotspot\share\interpreter\linkResolver.cpp, line 759]
Event: 0.441 Thread 0x000001eb30351880 Exception <a 'java/lang/NoSuchMethodError'{0x000000008c46edb0}: 'java.lang.Object java.lang.invoke.DirectMethodHandle$Holder.invokeStaticInit(java.lang.Object, java.lang.Object, long, java.lang.Object)'> (0x000000008c46edb0) 
thrown [s\src\hotspot\share\interpreter\linkResolver.cpp, line 759]
Event: 0.441 Thread 0x000001eb30351880 Exception <a 'java/lang/NoSuchMethodError'{0x000000008c475530}: 'java.lang.Object java.lang.invoke.DirectMethodHandle$Holder.newInvokeSpecial(java.lang.Object, java.lang.Object, long)'> (0x000000008c475530) 
thrown [s\src\hotspot\share\interpreter\linkResolver.cpp, line 759]
Event: 0.441 Thread 0x000001eb30351880 Exception <a 'java/lang/NoSuchMethodError'{0x000000008c4790a0}: 'java.lang.Object java.lang.invoke.Invokers$Holder.linkToTargetMethod(java.lang.Object, long, java.lang.Object)'> (0x000000008c4790a0) 
thrown [s\src\hotspot\share\interpreter\linkResolver.cpp, line 759]
Event: 0.448 Thread 0x000001eb30351880 Exception <a 'java/lang/NoSuchMethodError'{0x000000008c4d2960}: 'void java.lang.invoke.DirectMethodHandle$Holder.invokeVirtual(java.lang.Object, java.lang.Object, java.lang.Object, java.lang.Object)'> (0x000000008c4d2960) 
thrown [s\src\hotspot\share\interpreter\linkResolver.cpp, line 759]
Event: 0.467 Thread 0x000001eb30351880 Exception <a 'java/lang/NoSuchMethodError'{0x000000008c22a020}: 'void java.lang.invoke.DirectMethodHandle$Holder.invokeSpecial(java.lang.Object, java.lang.Object, java.lang.Object)'> (0x000000008c22a020) 
thrown [s\src\hotspot\share\interpreter\linkResolver.cpp, line 759]
Event: 0.470 Thread 0x000001eb97bb0240 Exception <a 'java/lang/NoClassDefFoundError'{0x000000008c296540}: jakarta/validation/Validation> (0x000000008c296540) 
thrown [s\src\hotspot\share\classfile\systemDictionary.cpp, line 245]
Event: 0.470 Thread 0x000001eb30351880 Exception <a 'java/lang/IncompatibleClassChangeError'{0x000000008c25b478}: Found class java.lang.Object, but interface was expected> (0x000000008c25b478) 
thrown [s\src\hotspot\share\interpreter\linkResolver.cpp, line 826]
Event: 0.633 Thread 0x000001eb30351880 Exception <a 'sun/nio/fs/WindowsException'{0x000000008a790dd8}> (0x000000008a790dd8) 
thrown [s\src\hotspot\share\prims\jni.cpp, line 516]
Event: 0.634 Thread 0x000001eb30351880 Exception <a 'java/lang/NoSuchMethodError'{0x000000008a792638}: 'int java.lang.invoke.DirectMethodHandle$Holder.invokeSpecial(java.lang.Object, java.lang.Object, java.lang.Object, java.lang.Object, java.lang.Object)'> (0x000000008a792638) 
thrown [s\src\hotspot\share\interpreter\linkResolver.cpp, line 759]
Event: 0.636 Thread 0x000001eb30351880 Exception <a 'java/lang/NoSuchMethodError'{0x000000008a79b2e8}: 'void java.lang.invoke.DirectMethodHandle$Holder.invokeVirtual(java.lang.Object, java.lang.Object)'> (0x000000008a79b2e8) 
thrown [s\src\hotspot\share\interpreter\linkResolver.cpp, line 759]
Event: 0.650 Thread 0x000001eb97bb0240 Exception <a 'java/lang/NoSuchMethodError'{0x000000008a5b5598}: 'long java.lang.invoke.DirectMethodHandle$Holder.invokeSpecial(java.lang.Object, java.lang.Object)'> (0x000000008a5b5598) 
thrown [s\src\hotspot\share\interpreter\linkResolver.cpp, line 759]
Event: 0.651 Thread 0x000001eb97bb0240 Exception <a 'java/lang/NoSuchMethodError'{0x000000008a5c0110}: 'long java.lang.invoke.DirectMethodHandle$Holder.invokeStatic(java.lang.Object, java.lang.Object)'> (0x000000008a5c0110) 
thrown [s\src\hotspot\share\interpreter\linkResolver.cpp, line 759]
Event: 0.651 Thread 0x000001eb97bb0240 Exception <a 'java/lang/NoSuchMethodError'{0x000000008a5c3468}: 'long java.lang.invoke.DirectMethodHandle$Holder.invokeStaticInit(java.lang.Object, java.lang.Object)'> (0x000000008a5c3468) 
thrown [s\src\hotspot\share\interpreter\linkResolver.cpp, line 759]
Event: 0.653 Thread 0x000001eb97bb0240 Exception <a 'java/lang/NoSuchMethodError'{0x000000008a5d0ef0}: 'long java.lang.invoke.DirectMethodHandle$Holder.invokeInterface(java.lang.Object, java.lang.Object)'> (0x000000008a5d0ef0) 
thrown [s\src\hotspot\share\interpreter\linkResolver.cpp, line 759]
Event: 0.660 Thread 0x000001eb97bb0240 Exception <a 'java/lang/IncompatibleClassChangeError'{0x000000008c500a78}: Found class java.lang.Object, but interface was expected> (0x000000008c500a78) 
thrown [s\src\hotspot\share\interpreter\linkResolver.cpp, line 826]
Event: 0.663 Thread 0x000001eb97bb0240 Exception <a 'java/lang/NoSuchMethodError'{0x000000008c5187d8}: 'java.lang.Object java.lang.invoke.DirectMethodHandle$Holder.invokeVirtual(java.lang.Object, java.lang.Object, java.lang.Object, java.lang.Object)'> (0x000000008c5187d8) 
thrown [s\src\hotspot\share\interpreter\linkResolver.cpp, line 759]

VM Operations (20 events):
Event: 0.395 Executing VM operation: HandshakeAllThreads
Event: 0.395 Executing VM operation: HandshakeAllThreads done
Event: 0.408 Executing VM operation: ICBufferFull
Event: 0.408 Executing VM operation: ICBufferFull done
Event: 0.412 Executing VM operation: G1CollectForAllocation
Event: 0.417 Executing VM operation: G1CollectForAllocation done
Event: 0.466 Executing VM operation: HandshakeAllThreads
Event: 0.466 Executing VM operation: HandshakeAllThreads done
Event: 0.537 Executing VM operation: HandshakeAllThreads
Event: 0.537 Executing VM operation: HandshakeAllThreads done
Event: 0.579 Executing VM operation: HandshakeAllThreads
Event: 0.579 Executing VM operation: HandshakeAllThreads done
Event: 0.616 Executing VM operation: HandshakeAllThreads
Event: 0.616 Executing VM operation: HandshakeAllThreads done
Event: 0.653 Executing VM operation: G1CollectForAllocation
Event: 0.659 Executing VM operation: G1CollectForAllocation done
Event: 0.695 Executing VM operation: HandshakeAllThreads
Event: 0.695 Executing VM operation: HandshakeAllThreads done
Event: 0.703 Executing VM operation: HandshakeAllThreads
Event: 0.703 Executing VM operation: HandshakeAllThreads done

Events (14 events):
Event: 0.020 Thread 0x000001eb30351880 Thread added: 0x000001eb30351880
Event: 0.021 Thread 0x000001eb518327c0 Thread added: 0x000001eb518327c0
Event: 0.021 Thread 0x000001eb51833180 Thread added: 0x000001eb51833180
Event: 0.027 Thread 0x000001eb51849190 Thread added: 0x000001eb51849190
Event: 0.027 Thread 0x000001eb51849b50 Thread added: 0x000001eb51849b50
Event: 0.027 Thread 0x000001eb5184cf30 Thread added: 0x000001eb5184cf30
Event: 0.027 Thread 0x000001eb51856640 Thread added: 0x000001eb51856640
Event: 0.027 Thread 0x000001eb518577f0 Thread added: 0x000001eb518577f0
Event: 0.027 Thread 0x000001eb518592b0 Thread added: 0x000001eb518592b0
Event: 0.027 Thread 0x000001eb5186bcc0 Thread added: 0x000001eb5186bcc0
Event: 0.045 Thread 0x000001eb51ab0df0 Thread added: 0x000001eb51ab0df0
Event: 0.048 Thread 0x000001eb51ab98b0 Thread added: 0x000001eb51ab98b0
Event: 0.069 Thread 0x000001eb51abac40 Thread added: 0x000001eb51abac40
Event: 0.469 Thread 0x000001eb97bb0240 Thread added: 0x000001eb97bb0240


Dynamic libraries:
0x00007ff72c990000 - 0x00007ff72c99e000 	C:\Program Files\OpenLogic\jdk-17.0.12.7-hotspot\bin\javaw.exe
0x00007ff8f70f0000 - 0x00007ff8f72e8000 	C:\Windows\SYSTEM32\ntdll.dll
0x00007ff8f6570000 - 0x00007ff8f6631000 	C:\Windows\System32\KERNEL32.DLL
0x00007ff8f4a20000 - 0x00007ff8f4d1d000 	C:\Windows\System32\KERNELBASE.dll
0x00007ff8f4ed0000 - 0x00007ff8f4fd0000 	C:\Windows\System32\ucrtbase.dll
0x00007ff8e7de0000 - 0x00007ff8e7dfb000 	C:\Program Files\OpenLogic\jdk-17.0.12.7-hotspot\bin\VCRUNTIME140.dll
0x00007ff8e7dc0000 - 0x00007ff8e7dd7000 	C:\Program Files\OpenLogic\jdk-17.0.12.7-hotspot\bin\jli.dll
0x00007ff8f5b30000 - 0x00007ff8f5ccd000 	C:\Windows\System32\USER32.dll
0x00007ff8f49f0000 - 0x00007ff8f4a12000 	C:\Windows\System32\win32u.dll
0x00007ff8ea020000 - 0x00007ff8ea2ba000 	C:\Windows\WinSxS\amd64_microsoft.windows.common-controls_6595b64144ccf1df_6.0.19041.4355_none_60b8b9eb71f62e16\COMCTL32.dll
0x00007ff8f5430000 - 0x00007ff8f545b000 	C:\Windows\System32\GDI32.dll
0x00007ff8f5a90000 - 0x00007ff8f5b2e000 	C:\Windows\System32\msvcrt.dll
0x00007ff8f4810000 - 0x00007ff8f4927000 	C:\Windows\System32\gdi32full.dll
0x00007ff8f4fd0000 - 0x00007ff8f506d000 	C:\Windows\System32\msvcp_win.dll
0x00007ff8f5350000 - 0x00007ff8f537f000 	C:\Windows\System32\IMM32.DLL
0x00007ff8e7db0000 - 0x00007ff8e7dbc000 	C:\Program Files\OpenLogic\jdk-17.0.12.7-hotspot\bin\vcruntime140_1.dll
0x00007ff8e7a10000 - 0x00007ff8e7a9d000 	C:\Program Files\OpenLogic\jdk-17.0.12.7-hotspot\bin\msvcp140.dll
0x00007ff8bb9d0000 - 0x00007ff8bc63a000 	C:\Program Files\OpenLogic\jdk-17.0.12.7-hotspot\bin\server\jvm.dll
0x00007ff8f6fa0000 - 0x00007ff8f7050000 	C:\Windows\System32\ADVAPI32.dll
0x00007ff8f6470000 - 0x00007ff8f6510000 	C:\Windows\System32\sechost.dll
0x00007ff8f51c0000 - 0x00007ff8f52e3000 	C:\Windows\System32\RPCRT4.dll
0x00007ff8f4930000 - 0x00007ff8f4957000 	C:\Windows\System32\bcrypt.dll
0x00007ff8f6640000 - 0x00007ff8f66ab000 	C:\Windows\System32\WS2_32.dll
0x00007ff8f3cd0000 - 0x00007ff8f3d1b000 	C:\Windows\SYSTEM32\POWRPROF.dll
0x00007ff8ef310000 - 0x00007ff8ef337000 	C:\Windows\SYSTEM32\WINMM.dll
0x00007ff8ebaf0000 - 0x00007ff8ebafa000 	C:\Windows\SYSTEM32\VERSION.dll
0x00007ff8f3b90000 - 0x00007ff8f3ba2000 	C:\Windows\SYSTEM32\UMPDC.dll
0x00007ff8f2800000 - 0x00007ff8f2812000 	C:\Windows\SYSTEM32\kernel.appcore.dll
0x00007ff8e7da0000 - 0x00007ff8e7daa000 	C:\Program Files\OpenLogic\jdk-17.0.12.7-hotspot\bin\jimage.dll
0x00007ff8f23c0000 - 0x00007ff8f25a4000 	C:\Windows\SYSTEM32\DBGHELP.DLL
0x00007ff8ef2b0000 - 0x00007ff8ef2e4000 	C:\Windows\SYSTEM32\dbgcore.DLL
0x00007ff8f4960000 - 0x00007ff8f49e2000 	C:\Windows\System32\bcryptPrimitives.dll
0x00007ff8e7d70000 - 0x00007ff8e7d95000 	C:\Program Files\OpenLogic\jdk-17.0.12.7-hotspot\bin\java.dll
0x00007ff8cf370000 - 0x00007ff8cf446000 	C:\Program Files\OpenLogic\jdk-17.0.12.7-hotspot\bin\jsvml.dll
0x00007ff8f67d0000 - 0x00007ff8f6f3f000 	C:\Windows\System32\SHELL32.dll
0x00007ff8f2820000 - 0x00007ff8f2fbf000 	C:\Windows\SYSTEM32\windows.storage.dll
0x00007ff8f5540000 - 0x00007ff8f5893000 	C:\Windows\System32\combase.dll
0x00007ff8f41c0000 - 0x00007ff8f41ee000 	C:\Windows\SYSTEM32\Wldp.dll
0x00007ff8f6140000 - 0x00007ff8f620d000 	C:\Windows\System32\OLEAUT32.dll
0x00007ff8f63c0000 - 0x00007ff8f646d000 	C:\Windows\System32\SHCORE.dll
0x00007ff8f6510000 - 0x00007ff8f6565000 	C:\Windows\System32\shlwapi.dll
0x00007ff8f46d0000 - 0x00007ff8f46f4000 	C:\Windows\SYSTEM32\profapi.dll
0x00007ff8e7d50000 - 0x00007ff8e7d69000 	C:\Program Files\OpenLogic\jdk-17.0.12.7-hotspot\bin\net.dll
0x00007ff8edd60000 - 0x00007ff8ede6d000 	C:\Windows\SYSTEM32\WINHTTP.dll
0x00007ff8f3f20000 - 0x00007ff8f3f8a000 	C:\Windows\system32\mswsock.dll
0x00007ff8e7950000 - 0x00007ff8e7966000 	C:\Program Files\OpenLogic\jdk-17.0.12.7-hotspot\bin\nio.dll
0x00007ff8e7930000 - 0x00007ff8e7948000 	C:\Program Files\OpenLogic\jdk-17.0.12.7-hotspot\bin\zip.dll
0x00007ff8e7a00000 - 0x00007ff8e7a0e000 	C:\Program Files\OpenLogic\jdk-17.0.12.7-hotspot\bin\sunmscapi.dll
0x00007ff8f4d70000 - 0x00007ff8f4ece000 	C:\Windows\System32\CRYPT32.dll
0x00007ff8f4230000 - 0x00007ff8f4259000 	C:\Windows\SYSTEM32\ncrypt.dll
0x00007ff8f41f0000 - 0x00007ff8f422b000 	C:\Windows\SYSTEM32\NTASN1.dll

dbghelp: loaded successfully - version: 4.0.5 - missing functions: none
symbol engine: initialized successfully - sym options: 0x614 - pdb path: .;C:\Program Files\OpenLogic\jdk-17.0.12.7-hotspot\bin;C:\Windows\SYSTEM32;C:\Windows\WinSxS\amd64_microsoft.windows.common-controls_6595b64144ccf1df_6.0.19041.4355_none_60b8b9eb71f62e16;C:\Program Files\OpenLogic\jdk-17.0.12.7-hotspot\bin\server

VM Arguments:
jvm_args: -Dfile.encoding=UTF-8 -Dstdout.encoding=UTF-8 -Dstderr.encoding=UTF-8 -XX:+ShowCodeDetailsInExceptionMessages 
java_command: com.dw.patient.ApplicationMain
java_class_path (initial): D:\workspace\aws\dw-patient-service\target\classes;C:\Users\pooja\.m2\repository\org\springframework\boot\spring-boot-starter-web\3.3.2\spring-boot-starter-web-3.3.2.jar;C:\Users\pooja\.m2\repository\org\springframework\boot\spring-boot-starter\3.3.2\spring-boot-starter-3.3.2.jar;C:\Users\pooja\.m2\repository\org\springframework\boot\spring-boot\3.3.2\spring-boot-3.3.2.jar;C:\Users\pooja\.m2\repository\org\springframework\boot\spring-boot-autoconfigure\3.3.2\spring-boot-autoconfigure-3.3.2.jar;C:\Users\pooja\.m2\repository\org\springframework\boot\spring-boot-starter-logging\3.3.2\spring-boot-starter-logging-3.3.2.jar;C:\Users\pooja\.m2\repository\ch\qos\logback\logback-classic\1.5.6\logback-classic-1.5.6.jar;C:\Users\pooja\.m2\repository\ch\qos\logback\logback-core\1.5.6\logback-core-1.5.6.jar;C:\Users\pooja\.m2\repository\org\apache\logging\log4j\log4j-to-slf4j\2.23.1\log4j-to-slf4j-2.23.1.jar;C:\Users\pooja\.m2\repository\org\apache\logging\log4j\log4j-api\2.23.1\log4j-api-2.23.1.jar;C:\Users\pooja\.m2\repository\org\slf4j\jul-to-slf4j\2.0.13\jul-to-slf4j-2.0.13.jar;C:\Users\pooja\.m2\repository\jakarta\annotation\jakarta.annotation-api\2.1.1\jakarta.annotation-api-2.1.1.jar;C:\Users\pooja\.m2\repository\org\yaml\snakeyaml\2.2\snakeyaml-2.2.jar;C:\Users\pooja\.m2\repository\org\springframework\boot\spring-boot-starter-json\3.3.2\spring-boot-starter-json-3.3.2.jar;C:\Users\pooja\.m2\repository\com\fasterxml\jackson\core\jackson-databind\2.17.2\jackson-databind-2.17.2.jar;C:\Users\pooja\.m2\repository\com\fasterxml\jackson\core\jackson-annotations\2.17.2\jackson-annotations-2.17.2.jar;C:\Users\pooja\.m2\repository\com\fasterxml\jackson\core\jackson-core\2.17.2\jackson-core-2.17.2.jar;C:\Users\pooja\.m2\repository\com\fasterxml\jackson\datatype\jackson-datatype-jdk8\2.17.2\jackson-datatype-jdk8-2.17.2.jar;C:\Users\pooja\.m2\repository\com\fasterxml\jackson\datatype\jackson-datatype-jsr310\2.17.2\jackson-datatype-jsr310-2.17.2.jar;C:\User
Launcher Type: SUN_STANDARD

[Global flags]
     intx CICompilerCount                          = 4                                         {product} {ergonomic}
     uint ConcGCThreads                            = 2                                         {product} {ergonomic}
     uint G1ConcRefinementThreads                  = 8                                         {product} {ergonomic}
   size_t G1HeapRegionSize                         = 1048576                                   {product} {ergonomic}
    uintx GCDrainStackTargetSize                   = 64                                        {product} {ergonomic}
   size_t InitialHeapSize                          = 130023424                                 {product} {ergonomic}
   size_t MarkStackSize                            = 4194304                                   {product} {ergonomic}
   size_t MaxHeapSize                              = 2069889024                                {product} {ergonomic}
   size_t MaxNewSize                               = 1241513984                                {product} {ergonomic}
   size_t MinHeapDeltaBytes                        = 1048576                                   {product} {ergonomic}
   size_t MinHeapSize                              = 8388608                                   {product} {ergonomic}
    uintx NonNMethodCodeHeapSize                   = 5839372                                {pd product} {ergonomic}
    uintx NonProfiledCodeHeapSize                  = 122909434                              {pd product} {ergonomic}
    uintx ProfiledCodeHeapSize                     = 122909434                              {pd product} {ergonomic}
    uintx ReservedCodeCacheSize                    = 251658240                              {pd product} {ergonomic}
     bool SegmentedCodeCache                       = true                                      {product} {ergonomic}
     bool ShowCodeDetailsInExceptionMessages       = true                                   {manageable} {command line}
   size_t SoftMaxHeapSize                          = 2069889024                             {manageable} {ergonomic}
     bool UseCompressedClassPointers               = true                           {product lp64_product} {ergonomic}
     bool UseCompressedOops                        = true                           {product lp64_product} {ergonomic}
     bool UseG1GC                                  = true                                      {product} {ergonomic}
     bool UseLargePagesIndividualAllocation        = false                                  {pd product} {ergonomic}

Logging:
Log output configuration:
 #0: stdout all=warning uptime,level,tags
 #1: stderr all=off uptime,level,tags

Environment Variables:
JAVA_HOME=C:\Program Files\Java\jdk-11
PATH=D:/software/sts-4.24.0.RELEASE//plugins/org.eclipse.justj.openjdk.hotspot.jre.full.win32.x86_64_21.0.3.v20240426-1530/jre/bin/server;D:/software/sts-4.24.0.RELEASE//plugins/org.eclipse.justj.openjdk.hotspot.jre.full.win32.x86_64_21.0.3.v20240426-1530/jre/bin;C:\Program Files\OpenLogic\jdk-17.0.12.7-hotspot\bin;C:\Windows\system32;C:\Windows;C:\Windows\System32\Wbem;C:\Windows\System32\WindowsPowerShell\v1.0\;C:\Windows\System32\OpenSSH\;C:\ProgramData\chocolatey\bin;C:\Users\pooja\AppData\Roaming\nvm;C:\Program Files\nodejs;C:\Program Files\PuTTY\;C:\Program Files\OpenLogic\jdk-8.0.372.07-hotspot\bin;C:\Users\pooja\.cargo\bin;C:\Users\pooja\.rustup\toolchains\stable-x86_64-pc-windows-msvc\bin;C:\Users\pooja\.poetry\bin;C:\Users\pooja\AppData\Roaming\pypoetry\venv\Scripts;C:\Users\pooja\.rustup\toolchains\stable-x86_64-pc-windows-msvc\bin;C:\Users\pooja\AppData\Local\Programs\Python\Python313\Scripts\;C:\Users\pooja\AppData\Local\Programs\Python\Python313\;C:\Users\pooja\AppData\Local\Microsoft\WindowsApps;D:\software\IntelliJ IDEA 2024.1.2\bin;;C:\Program Files (x86)\apache-maven-3.8.6\bin;C:\Program Files (x86)\Java\jdk1.8.0_351\bin;node_modules\npm\bin;C:\Users\pooja\AppData\Roaming\nvm;C:\Program Files\nodejs;C:\Program Files (x86)\sbt\bin;C:\Program Files\OpenLogic\jdk-8.0.372.07-hotspot\bin;C:\Program Files\JetBrains\PyCharm 2024.1.4\bin;;C:\Program Files\CMake\bin;C:\Users\pooja\.poetry\bin;C:\Users\pooja\AppData\Roaming\pypoetry\venv\Scripts;D:\software\sts-4.24.0.RELEASE;
USERNAME=pooja
OS=Windows_NT
PROCESSOR_IDENTIFIER=Intel64 Family 6 Model 140 Stepping 1, GenuineIntel
TMP=C:\Users\pooja\AppData\Local\Temp
TEMP=C:\Users\pooja\AppData\Local\Temp



Periodic native trim disabled


---------------  S Y S T E M  ---------------

OS:
 Windows 10 , 64 bit Build 19041 (10.0.19041.4717)
OS uptime: 0 days 1:39 hours

CPU: total 8 (initial active 8) (4 cores per cpu, 2 threads per core) family 6 model 140 stepping 1 microcode 0x86, cx8, cmov, fxsr, ht, mmx, 3dnowpref, sse, sse2, sse3, ssse3, sse4.1, sse4.2, popcnt, lzcnt, tsc, tscinvbit, avx, avx2, aes, erms, clmul, bmi1, bmi2, adx, avx512f, avx512dq, avx512cd, avx512bw, avx512vl, sha, fma, vzeroupper, avx512_vpopcntdq, avx512_vpclmulqdq, avx512_vaes, avx512_vnni, clflush, clflushopt, clwb, avx512_vbmi2, avx512_vbmi
Processor Information for all 8 processors :
  Max Mhz: 2419, Current Mhz: 2419, Mhz Limit: 2419

Memory: 4k page, system-wide physical 7890M (359M free)
TotalPageFile size 7890M (AvailPageFile size 5M)
current process WorkingSet (physical memory assigned to process): 126M, peak: 126M
current process commit charge ("private bytes"): 256M, peak: 258M

vm_info: OpenJDK 64-Bit Server VM (17.0.12+7-adhoc..jdk17u) for windows-amd64 JRE (17.0.12+7-adhoc..jdk17u), built on Jul 19 2024 06:16:42 by "" with MS VC++ 16.10 / 16.11 (VS2019)

END.
